2021-03-03 20:09:21.293529900000 [$pid(ThreadId 5)] ERROR APP - user error (loaded module can not find from path. <c:\Users\rhala\Code\FLang\src\TiMachine.hs> [("Main","C:/Users/rhala/Code/FLang/test/Spec.hs")])
2021-03-03 20:09:23.184178000000 [$pid(ThreadId 8)] CRITICAL THREAD_MGR - Critical exit started.
2021-03-03 20:09:58.217840200000 [$pid(ThreadId 5)] ERROR APP - user error (loaded module can not find from path. <c:\Users\rhala\Code\FLang\src\TiMachine.hs> [("Main","C:/Users/rhala/Code/FLang/test/Spec.hs")])
2021-03-03 20:09:59.822959500000 [$pid(ThreadId 8)] CRITICAL THREAD_MGR - Critical exit started.
2021-03-03 20:10:21.636139400000 [$pid(ThreadId 5)] ERROR APP - user error (loaded module can not find from path. <c:\Users\rhala\Code\FLang\src\TiMachine.hs> [("Main","C:/Users/rhala/Code/FLang/test/Spec.hs")])
2021-03-03 20:10:23.276770700000 [$pid(ThreadId 8)] CRITICAL THREAD_MGR - Critical exit started.
2021-03-03 20:13:05.912168100000 [$pid(ThreadId 5)] ERROR APP - user error (loaded module can not find from path. <c:\Users\rhala\Code\FLang\src\Lib.hs> [("Main","C:/Users/rhala/Code/FLang/test/Spec.hs")])
2021-03-03 20:13:05.929166500000 [$pid(ThreadId 5)] ERROR APP - user error (loaded module can not find from path. <c:\Users\rhala\Code\FLang\src\TiMachine.hs> [("Main","C:/Users/rhala/Code/FLang/test/Spec.hs")])
2021-03-03 20:13:07.544285500000 [$pid(ThreadId 8)] CRITICAL THREAD_MGR - Critical exit started.
2021-03-03 20:14:13.063826700000 [$pid(ThreadId 5)] ERROR APP - user error (loaded module can not find from path. <c:\Users\rhala\Code\FLang\test\Spec.hs> [("Language","C:\\Users\\rhala\\Code\\FLang\\src\\Language.hs"),("Utils","C:\\Users\\rhala\\Code\\FLang\\src\\Utils.hs")])
2021-03-03 20:14:13.080830000000 [$pid(ThreadId 5)] ERROR APP - user error (loaded module can not find from path. <c:\Users\rhala\Code\FLang\src\TiMachine.hs> [("Language","C:\\Users\\rhala\\Code\\FLang\\src\\Language.hs"),("Utils","C:\\Users\\rhala\\Code\\FLang\\src\\Utils.hs")])
2021-03-03 20:14:13.120831100000 [$pid(ThreadId 5)] ERROR APP - start debugging failed. user error (ExecResult not found.) : Left "user error (ExecResult not found.)"
2021-03-03 20:14:47.776146400000 [$pid(ThreadId 8)] CRITICAL THREAD_MGR - Critical exit started.
2021-03-03 20:19:51.971336400000 [$pid(ThreadId 8)] CRITICAL THREAD_MGR - Critical exit started.
2021-03-03 20:23:33.601963800000 [$pid(ThreadId 5)] ERROR APP - user error (no stacktrace found.)
2021-03-03 20:23:45.783531800000 [$pid(ThreadId 5)] ERROR APP - user error (ExecResult not found.)
2021-03-03 20:23:48.729752500000 [$pid(ThreadId 5)] ERROR APP - user error (ExecResult not found.)
2021-03-03 20:23:52.315037100000 [$pid(ThreadId 8)] CRITICAL THREAD_MGR - Critical exit started.
2021-03-03 20:24:31.249688500000 [$pid(ThreadId 5)] ERROR APP - user error (no stacktrace found.)
2021-03-03 20:24:33.764384300000 [$pid(ThreadId 5)] ERROR APP - user error (ExecResult not found.)
2021-03-03 20:24:34.513439900000 [$pid(ThreadId 5)] ERROR APP - user error (ExecResult not found.)
2021-03-03 20:24:34.878463400000 [$pid(ThreadId 5)] ERROR APP - user error (ExecResult not found.)
2021-03-03 20:24:35.515017100000 [$pid(ThreadId 5)] ERROR APP - user error (ExecResult not found.)
2021-03-03 20:24:36.516091400000 [$pid(ThreadId 5)] ERROR APP - user error (ExecResult not found.)
2021-03-03 20:28:53.936012200000 [$pid(ThreadId 8)] CRITICAL THREAD_MGR - Critical exit started.
2021-03-03 20:29:58.531501200000 [$pid(ThreadId 5)] ERROR APP - user error (no stacktrace found.)
2021-03-03 20:57:46.057957600000 [$pid(ThreadId 5)] ERROR APP - start debugging failed. user error (ExecResult not found.) : Left "user error (ExecResult not found.)"
2021-03-03 20:57:58.768422300000 [$pid(ThreadId 5)] ERROR APP - start debugging failed. user error (ExecResult not found.) : Left "user error (ExecResult not found.)"
2021-03-03 20:58:51.090832200000 [$pid(ThreadId 5)] ERROR APP - user error (ExecResult not found.)
2021-03-03 21:02:07.095609500000 [$pid(ThreadId 5)] ERROR APP - user error (loaded module can not find from path. <c:\Users\rhala\Code\FLang\src\TiMachine.hs> [("Language","C:\\Users\\rhala\\Code\\FLang\\src\\Language.hs"),("Parser","C:\\Users\\rhala\\Code\\FLang\\src\\Parser.hs"),("ParserCombinator","C:\\Users\\rhala\\Code\\FLang\\src\\ParserCombinator.hs"),("Tokenizer","C:\\Users\\rhala\\Code\\FLang\\src\\Tokenizer.hs"),("Utils","C:\\Users\\rhala\\Code\\FLang\\src\\Utils.hs")])
2021-03-03 21:02:07.240619600000 [$pid(ThreadId 5)] ERROR APP - start debugging failed. user error (ExecResult not found.) : Left "user error (ExecResult not found.)"
2021-03-03 21:02:13.130583000000 [$pid(ThreadId 5)] ERROR APP - user error (loaded module can not find from path. <c:\Users\rhala\Code\FLang\src\TiMachine.hs> [("Language","C:\\Users\\rhala\\Code\\FLang\\src\\Language.hs"),("Parser","C:\\Users\\rhala\\Code\\FLang\\src\\Parser.hs"),("ParserCombinator","C:\\Users\\rhala\\Code\\FLang\\src\\ParserCombinator.hs"),("Tokenizer","C:\\Users\\rhala\\Code\\FLang\\src\\Tokenizer.hs"),("Utils","C:\\Users\\rhala\\Code\\FLang\\src\\Utils.hs")])
2021-03-03 21:02:13.157586600000 [$pid(ThreadId 5)] ERROR APP - start debugging failed. user error (ExecResult not found.) : Left "user error (ExecResult not found.)"
2021-03-03 21:02:17.591919600000 [$pid(ThreadId 8)] CRITICAL THREAD_MGR - Critical exit started.
2021-03-03 21:02:24.046398200000 [$pid(ThreadId 5)] ERROR APP - user error (loaded module can not find from path. <c:\Users\rhala\Code\FLang\src\TiMachine.hs> [("Language","C:\\Users\\rhala\\Code\\FLang\\src\\Language.hs"),("Parser","C:\\Users\\rhala\\Code\\FLang\\src\\Parser.hs"),("ParserCombinator","C:\\Users\\rhala\\Code\\FLang\\src\\ParserCombinator.hs"),("Tokenizer","C:\\Users\\rhala\\Code\\FLang\\src\\Tokenizer.hs"),("Utils","C:\\Users\\rhala\\Code\\FLang\\src\\Utils.hs")])
2021-03-03 21:02:24.073399500000 [$pid(ThreadId 5)] ERROR APP - start debugging failed. user error (ExecResult not found.) : Left "user error (ExecResult not found.)"
2021-03-03 21:03:45.741015900000 [$pid(ThreadId 8)] CRITICAL THREAD_MGR - Critical exit started.
2021-03-03 21:03:54.168161100000 [$pid(ThreadId 5)] ERROR APP - user error (no stacktrace found.)
2021-03-03 21:05:39.011923600000 [$pid(ThreadId 8)] CRITICAL THREAD_MGR - Critical exit started.
2021-03-03 21:07:29.697766900000 [$pid(ThreadId 5)] ERROR APP - user error (no stacktrace found.)
2021-03-03 21:07:35.093169000000 [$pid(ThreadId 8)] CRITICAL THREAD_MGR - Critical exit started.
2021-03-03 21:12:52.853555500000 [$pid(ThreadId 8)] CRITICAL THREAD_MGR - Critical exit started.
2021-03-03 21:13:31.861466900000 [$pid(ThreadId 5)] CRITICAL APP - invalid dap result from ghci. ["Stk [   1: NSupercomb main ]<<DAP>>Right (EvaluateResponseBody {resultEvaluateResponseBody = \"()\", typeEvaluateResponseBody = \"()\", presentationHintEvaluateResponseBody = Nothing, variablesReferenceEvaluateResponseBody = 0, namedVariablesEvaluateResponseBody = Nothing, indexedVariablesEvaluateResponseBody = Nothing})","H>>= "]
2021-03-03 21:13:32.615522700000 [$pid(ThreadId 8)] CRITICAL THREAD_MGR - Critical exit started.
2021-03-03 21:14:44.311894700000 [$pid(ThreadId 5)] ERROR APP - start debugging failed. user error (ExecResult not found.) : Left "user error (ExecResult not found.)"
2021-03-03 21:14:53.114550900000 [$pid(ThreadId 5)] ERROR APP - start debugging failed. user error (ExecResult not found.) : Left "user error (ExecResult not found.)"
2021-03-03 21:15:34.767660400000 [$pid(ThreadId 5)] ERROR APP - start debugging failed. user error (ExecResult not found.) : Left "user error (ExecResult not found.)"
2021-03-03 21:15:41.507668800000 [$pid(ThreadId 8)] CRITICAL THREAD_MGR - Critical exit started.
2021-03-03 21:16:14.710182600000 [$pid(ThreadId 5)] ERROR APP - user error (variable id:14 not found.)
2021-03-03 21:18:48.700583900000 [$pid(ThreadId 8)] CRITICAL THREAD_MGR - Critical exit started.
2021-03-03 21:21:26.511468000000 [$pid(ThreadId 5)] ERROR APP - user error (variable id:10 not found.)
2021-03-03 21:29:19.609158200000 [$pid(ThreadId 8)] CRITICAL THREAD_MGR - Critical exit started.
2021-03-03 21:32:11.978097700000 [$pid(ThreadId 8)] CRITICAL THREAD_MGR - Critical exit started.
2021-03-03 21:35:45.700876400000 [$pid(ThreadId 8)] CRITICAL THREAD_MGR - Critical exit started.
2021-03-03 21:35:53.230056600000 [$pid(ThreadId 8)] CRITICAL THREAD_MGR - Critical exit started.
2021-03-03 21:37:47.989390000000 [$pid(ThreadId 5)] CRITICAL APP - invalid dap result from ghci. ["Stk [   8: NNum 1","       10: NAp    8    9 (NNum 2) ]<<DAP>>Right (EvaluateResponseBody {resultEvaluateResponseBody = \"()\", typeEvaluateResponseBody = \"()\", presentationHintEvaluateResponseBody = Nothing, variablesReferenceEvaluateResponseBody = 0, namedVariablesEvaluateResponseBody = Nothing, indexedVariablesEvaluateResponseBody = Nothing})","H>>= "]
2021-03-03 21:37:48.521429400000 [$pid(ThreadId 8)] CRITICAL THREAD_MGR - Critical exit started.
2021-03-04 08:35:10.832916900000 [$pid(ThreadId 8)] CRITICAL THREAD_MGR - Critical exit started.
2021-03-04 08:36:37.618283500000 [$pid(ThreadId 5)] ERROR APP - user error (loaded module can not find from path. <c:\Users\rhala\Code\FLang\src\TiMachine.hs> [("Language","C:\\Users\\rhala\\Code\\FLang\\src\\Language.hs"),("Parser","C:\\Users\\rhala\\Code\\FLang\\src\\Parser.hs"),("ParserCombinator","C:\\Users\\rhala\\Code\\FLang\\src\\ParserCombinator.hs"),("Tokenizer","C:\\Users\\rhala\\Code\\FLang\\src\\Tokenizer.hs"),("Utils","C:\\Users\\rhala\\Code\\FLang\\src\\Utils.hs")])
2021-03-04 08:36:37.686288600000 [$pid(ThreadId 5)] ERROR APP - start debugging failed. user error (ExecResult not found.) : Left "user error (ExecResult not found.)"
2021-03-04 08:36:53.483467200000 [$pid(ThreadId 5)] ERROR APP - user error (loaded module can not find from path. <c:\Users\rhala\Code\FLang\src\TiMachine.hs> [("Language","C:\\Users\\rhala\\Code\\FLang\\src\\Language.hs"),("Parser","C:\\Users\\rhala\\Code\\FLang\\src\\Parser.hs"),("ParserCombinator","C:\\Users\\rhala\\Code\\FLang\\src\\ParserCombinator.hs"),("Tokenizer","C:\\Users\\rhala\\Code\\FLang\\src\\Tokenizer.hs"),("Utils","C:\\Users\\rhala\\Code\\FLang\\src\\Utils.hs")])
2021-03-04 08:36:53.535483800000 [$pid(ThreadId 5)] ERROR APP - start debugging failed. user error (ExecResult not found.) : Left "user error (ExecResult not found.)"
2021-03-04 08:36:59.716464500000 [$pid(ThreadId 8)] CRITICAL THREAD_MGR - Critical exit started.
2021-03-04 08:37:39.049447800000 [$pid(ThreadId 5)] ERROR APP - user error (loaded module can not find from path. <c:\Users\rhala\Code\FLang\src\TiMachine.hs> [("Language","C:\\Users\\rhala\\Code\\FLang\\src\\Language.hs"),("Parser","C:\\Users\\rhala\\Code\\FLang\\src\\Parser.hs"),("ParserCombinator","C:\\Users\\rhala\\Code\\FLang\\src\\ParserCombinator.hs"),("Tokenizer","C:\\Users\\rhala\\Code\\FLang\\src\\Tokenizer.hs"),("Utils","C:\\Users\\rhala\\Code\\FLang\\src\\Utils.hs")])
2021-03-04 08:37:39.101464200000 [$pid(ThreadId 5)] ERROR APP - start debugging failed. user error (ExecResult not found.) : Left "user error (ExecResult not found.)"
2021-03-04 08:39:05.021475400000 [$pid(ThreadId 8)] CRITICAL THREAD_MGR - Critical exit started.
2021-03-04 08:41:20.029173700000 [$pid(ThreadId 8)] CRITICAL THREAD_MGR - Critical exit started.
2021-03-04 09:10:54.302108800000 [$pid(ThreadId 5)] CRITICAL APP - invalid dap result from ghci. ["[(\"main\",[],EAp (EVar \"K\") (EAp (ENum 1) (ENum 2)))]<<DAP>>Right (EvaluateResponseBody {resultEvaluateResponseBody = \"()\", typeEvaluateResponseBody = \"()\", presentationHintEvaluateResponseBody = Nothing, variablesReferenceEvaluateResponseBody = 0, namedVariablesEvaluateResponseBody = Nothing, indexedVariablesEvaluateResponseBody = Nothing})","H>>= "]
2021-03-04 09:10:54.891152600000 [$pid(ThreadId 8)] CRITICAL THREAD_MGR - Critical exit started.
2021-03-04 16:40:57.345676900000 [$pid(ThreadId 8)] CRITICAL THREAD_MGR - Critical exit started.
2021-03-04 16:41:08.442014900000 [$pid(ThreadId 8)] CRITICAL THREAD_MGR - Critical exit started.
2021-03-25 16:10:47.807897200000 [$pid(ThreadId 5)] ERROR APP - [CRITICAL] can not get the initial ghci prompt.
2021-03-25 16:19:25.914941900000 [$pid(ThreadId 5)] ERROR APP - [CRITICAL] can not get the initial ghci prompt.
2021-03-25 16:19:33.950397600000 [$pid(ThreadId 5)] ERROR APP - [CRITICAL] can not get the initial ghci prompt.
2021-03-25 16:19:41.744361000000 [$pid(ThreadId 5)] ERROR APP - [CRITICAL] can not get the initial ghci prompt.
2021-03-25 16:25:39.333396100000 [$pid(ThreadId 5)] ERROR APP - [CRITICAL] can not get the initial ghci prompt.
2021-03-27 17:41:13.060986100000 [$pid(ThreadId 5)] ERROR APP - [CRITICAL] can not get the initial ghci prompt.
2021-03-27 17:55:02.365397100000 [$pid(ThreadId 5)] ERROR APP - [CRITICAL] can not get the initial ghci prompt.
2021-03-27 18:08:36.820236500000 [$pid(ThreadId 5)] ERROR APP - invalid dap result from ghci. []
2021-03-27 18:08:36.820236500000 [$pid(ThreadId 5)] CRITICAL APP 2021-03-27 18:14:12.400376000000 [$pid(ThreadId 5)] CRITICAL APP - invalid dap result from ghci. []
2021-03-27 18:17:42.665250100000 [$pid(ThreadId 5)] ERROR APP - start debugging failed. user error (ExecResult not found.) : Left "user error (ExecResult not found.)"
2021-03-27 18:17:55.385702400000 [$pid(ThreadId 5)] ERROR APP - start debugging failed. user error (ExecResult not found.) : Left "user error (ExecResult not found.)"
2021-03-27 18:18:08.221541500000 [$pid(ThreadId 5)] CRITICAL APP - invalid dap result from ghci. ["Supercombinator definintions","Code for id"," Code:{Push0","       Slide2","       Unwind}","","","","Code for K"," Code:{Push0","       Slide3","       Unwind}","","","","Code for K1"," Code:{Push1","       Slide3","       Unwind}","","","","Code for S"," Code:{Push2","       Push2","       Mkap","       Push3","       Push2","       Mkap","       Mkap","       Slide4","       Unwind}","","","","Code for compose"," Code:{Push2","       Push2","       Mkap","       Push1","       Mkap","       Slide4","       Unwind}","","","","Code for twice"," Code:{Push0","       Push1","       Pushglobalcompose","       Mkap","       Mkap","       Slide2","       Unwind}","","","","Code for main"," Code:{Pushint1","       PushglobalK","       PushglobalK","       PushglobalS","       Mkap","       Mkap","       Mkap","       Slide1","       Unwind}","","","","","State transitions","","1.  Stack:[<<DAP>>Right (StoppedEventBody {reasonStoppedEventBody = \"complete\", descriptionStoppedEventBody = \"\", threadIdStoppedEventBody = 0, textStoppedEventBody = \"\", allThreadsStoppedStoppedEventBody = True})","H>>= "]
2021-03-28 11:03:47.389234600000 [$pid(ThreadId 5)] ERROR APP - invalid dap result from ghci. [" Stack:[<<DAP>>Right (StoppedEventBody {reasonStoppedEventBody = \"complete\", descriptionStoppedEventBody = \"\", threadIdStoppedEventBody = 0, textStoppedEventBody = \"\", allThreadsStoppedStoppedEventBody = True})","H>>= "]
2021-03-28 18:47:50.866181700000 [$pid(ThreadId 5)] ERROR APP - user error (variable id:10 not found.)
2021-03-28 18:47:55.264580700000 [$pid(ThreadId 5)] ERROR APP - user error (variable id:10 not found.)
2021-05-23 09:48:15.353114400000 [$pid(ThreadId 5)] ERROR APP - user error (no stacktrace found.)
2021-05-23 09:48:15.401128100000 [$pid(ThreadId 5)] ERROR APP - user error (no stacktrace found.)
2021-05-23 10:11:53.974623200000 [$pid(ThreadId 5)] CRITICAL APP - invalid dap result from ghci. ["Supercombinator definintions","Code for id"," Code:{Push 0","       Update 1","       Pop 1","       Unwind}","","","","Code for K"," Code:{Push 0","       Update 2","       Pop 2","       Unwind}","","","","Code for K1"," Code:{Push 1","       Update 2","       Pop 2","       Unwind}","","","","Code for S"," Code:{Push 2","       Push 2","       Mkap","       Push 3","       Push 2","       Mkap","       Mkap","       Update 3","       Pop 3","       Unwind}","","","","Code for compose"," Code:{Push 2","       Push 2","       Mkap","       Push 1","       Mkap","       Update 3","       Pop 3","       Unwind}","","","","Code for twice"," Code:{Push 0","       Push 1","       Pushglobal compose","       Mkap","       Mkap","       Update 1","       Pop 1","       Unwind}","","","","Code for main"," Code:{Pushint 1","       Pushglobal K","       Pushglobal K","       Pushglobal S","       Mkap","       Mkap","       Mkap","       Update 0","       Pop 0","       Unwind}","","","","","State transitions","","1.  Stack:[]","    Code:{Pushint 1","          Pushglobal K","          Pushglobal K","          Pushglobal S","          Mkap","          Mkap","          Mkap","          Update 0","          Pop 0","          Unwind}","   ","   ","","","Steps taken = 2<<DAP>>Right (EvaluateResponseBody {resultEvaluateResponseBody = \"()\", typeEvaluateResponseBody = \"()\", presentationHintEvaluateResponseBody = Nothing, variablesReferenceEvaluateResponseBody = 0, namedVariablesEvaluateResponseBody = Nothing, indexedVariablesEvaluateResponseBody = Nothing})","H>>= "]
2021-05-23 10:14:45.519327100000 [$pid(ThreadId 5)] ERROR APP - user error (variable id:15 not found.)
2021-05-23 10:25:03.129548500000 [$pid(ThreadId 5)] CRITICAL APP - invalid dap result from ghci. ["\"Supercombinator definintions\\nCode for 1\\n Code:{<<DAP>>Left \"C:\\\\Users\\\\rhala\\\\Code\\\\FLang\\\\src\\\\GMachine.hs:209:11-57: Non-exhaustive patterns in NGlobal arity\\n                                                            code\\n\"","H>>= "]
2021-05-23 10:28:59.023318100000 [$pid(ThreadId 5)] CRITICAL APP - invalid dap result from ghci. ["\"Supercombinator definintions\\nCode for 1\\n Code:{<<DAP>>Left \"C:\\\\Users\\\\rhala\\\\Code\\\\FLang\\\\src\\\\GMachine.hs:209:11-57: Non-exhaustive patterns in NGlobal arity\\n                                                            code\\n\"","H>>= "]
2021-05-23 13:20:30.902008600000 [$pid(ThreadId 5)] CRITICAL APP - invalid dap result from ghci. ["Supercombinator definintions","Code for id"," Code:{Push 0","       Update 1","       Pop 1","       Unwind}","","","","Code for K"," Code:{Push 0","       Update 2","       Pop 2","       Unwind}","","","","Code for K1"," Code:{Push 1","       Update 2","       Pop 2","       Unwind}","","","","Code for S"," Code:{Push 2","       Push 2","       Mkap","       Push 3","       Push 2","       Mkap","       Mkap","       Update 3","       Pop 3","       Unwind}","","","","Code for compose"," Code:{Push 2","       Push 2","       Mkap","       Push 1","       Mkap","       Update 3","       Pop 3","       Unwind}","","","","Code for twice"," Code:{Push 0","       Push 1","       Pushglobal compose","       Mkap","       Mkap","       Update 1","       Pop 1","       Unwind}","","","","Code for main"," Code:{Pushint 1","       Pushglobal K","       Pushglobal K","       Pushglobal S","       Mkap","       Mkap","       Mkap","       Update 0","       Pop 0","       Unwind}","","","","","State transitions","","1.  Stack:[]","    Code:{Pushglobal main","          Unwind}","   ","   ","","","Steps taken = 0<<DAP>>Right (EvaluateResponseBody {resultEvaluateResponseBody = \"()\", typeEvaluateResponseBody = \"()\", presentationHintEvaluateResponseBody = Nothing, variablesReferenceEvaluateResponseBody = 0, namedVariablesEvaluateResponseBody = Nothing, indexedVariablesEvaluateResponseBody = Nothing})","H>>= "]
2021-05-23 13:20:56.525699300000 [$pid(ThreadId 5)] CRITICAL APP - invalid dap result from ghci. ["Supercombinator definintions","Code for id"," Code:{Push 0","       Update 1","       Pop 1","       Unwind}","","","","Code for K"," Code:{Push 0","       Update 2","       Pop 2","       Unwind}","","","","Code for K1"," Code:{Push 1","       Update 2","       Pop 2","       Unwind}","","","","Code for S"," Code:{Push 2","       Push 2","       Mkap","       Push 3","       Push 2","       Mkap","       Mkap","       Update 3","       Pop 3","       Unwind}","","","","Code for compose"," Code:{Push 2","       Push 2","       Mkap","       Push 1","       Mkap","       Update 3","       Pop 3","       Unwind}","","","","Code for twice"," Code:{Push 0","       Push 1","       Pushglobal compose","       Mkap","       Mkap","       Update 1","       Pop 1","       Unwind}","","","","Code for main"," Code:{Pushint 1","       Pushglobal K","       Pushglobal K","       Pushglobal S","       Mkap","       Mkap","       Mkap","       Update 0","       Pop 0","       Unwind}","","","","","State transitions","","1.  Stack:[7: Global main]","    Code:{Unwind}","   ","   ","","","Steps taken = 1<<DAP>>Right (EvaluateResponseBody {resultEvaluateResponseBody = \"()\", typeEvaluateResponseBody = \"()\", presentationHintEvaluateResponseBody = Nothing, variablesReferenceEvaluateResponseBody = 0, namedVariablesEvaluateResponseBody = Nothing, indexedVariablesEvaluateResponseBody = Nothing})","H>>= "]
2021-05-23 13:28:03.366148900000 [$pid(ThreadId 5)] CRITICAL APP - invalid dap result from ghci. ["\"Supercombinator definintions\\nCode for 1\\n Code:{<<DAP>>Left \"C:\\\\Users\\\\rhala\\\\Code\\\\FLang\\\\src\\\\GMachine.hs:209:11-57: Non-exhaustive patterns in NGlobal arity\\n                                                            code\\n\"","H>>= "]
2021-05-23 13:28:34.482987800000 [$pid(ThreadId 5)] ERROR APP - user error (variable id:18 not found.)
2021-05-23 13:28:50.483045800000 [$pid(ThreadId 5)] ERROR APP - user error (variable id:10 not found.)
2021-05-23 13:29:31.653880000000 [$pid(ThreadId 5)] CRITICAL APP - invalid dap result from ghci. ["\"Supercombinator definintions\\nCode for 1\\n Code:{<<DAP>>Left \"C:\\\\Users\\\\rhala\\\\Code\\\\FLang\\\\src\\\\GMachine.hs:209:11-57: Non-exhaustive patterns in NGlobal arity\\n                                                            code\\n\"","H>>= "]
2021-05-23 14:03:25.687935000000 [$pid(ThreadId 5)] CRITICAL APP - invalid dap result from ghci. ["\"Supercombinator definintions\\nCode for 1\\n Code:{<<DAP>>Left \"C:\\\\Users\\\\rhala\\\\Code\\\\FLang\\\\src\\\\GMachine.hs:209:11-57: Non-exhaustive patterns in NGlobal arity\\n                                                            code\\n\"","H>>= "]
2021-05-23 14:03:34.300323200000 [$pid(ThreadId 5)] CRITICAL APP - invalid dap result from ghci. ["\"Supercombinator definintions\\nCode for 1\\n Code:{<<DAP>>Left \"C:\\\\Users\\\\rhala\\\\Code\\\\FLang\\\\src\\\\GMachine.hs:209:11-57: Non-exhaustive patterns in NGlobal arity\\n                                                            code\\n\"","H>>= "]
2021-05-23 14:03:43.849148100000 [$pid(ThreadId 5)] CRITICAL APP - invalid dap result from ghci. ["\"Supercombinator definintions\\nCode for 1\\n Code:{<<DAP>>Left \"C:\\\\Users\\\\rhala\\\\Code\\\\FLang\\\\src\\\\GMachine.hs:209:11-57: Non-exhaustive patterns in NGlobal arity\\n                                                            code\\n\"","H>>= "]
2021-05-23 14:03:55.048843400000 [$pid(ThreadId 5)] CRITICAL APP - invalid dap result from ghci. ["\"Supercombinator definintions\\nCode for 1\\n Code:{<<DAP>>Left \"C:\\\\Users\\\\rhala\\\\Code\\\\FLang\\\\src\\\\GMachine.hs:209:11-57: Non-exhaustive patterns in NGlobal arity\\n                                                            code\\n\"","H>>= "]
2021-05-23 14:04:05.327010600000 [$pid(ThreadId 5)] CRITICAL APP - invalid dap result from ghci. ["\"Supercombinator definintions\\nCode for 1\\n Code:{<<DAP>>Left \"C:\\\\Users\\\\rhala\\\\Code\\\\FLang\\\\src\\\\GMachine.hs:209:11-57: Non-exhaustive patterns in NGlobal arity\\n                                                            code\\n\"","H>>= "]
2021-05-23 14:04:16.108873200000 [$pid(ThreadId 5)] CRITICAL APP - invalid dap result from ghci. ["\"Supercombinator definintions\\nCode for 1\\n Code:{<<DAP>>Left \"C:\\\\Users\\\\rhala\\\\Code\\\\FLang\\\\src\\\\GMachine.hs:209:11-57: Non-exhaustive patterns in NGlobal arity\\n                                                            code\\n\"","H>>= "]
2021-05-23 14:04:27.725784200000 [$pid(ThreadId 5)] CRITICAL APP - invalid dap result from ghci. ["\"Supercombinator definintions\\nCode for 1\\n Code:{<<DAP>>Left \"C:\\\\Users\\\\rhala\\\\Code\\\\FLang\\\\src\\\\GMachine.hs:209:11-57: Non-exhaustive patterns in NGlobal arity\\n                                                            code\\n\"","H>>= "]
2021-05-23 14:04:38.590004300000 [$pid(ThreadId 5)] CRITICAL APP - invalid dap result from ghci. ["\"Supercombinator definintions\\nCode for 1\\n Code:{<<DAP>>Left \"C:\\\\Users\\\\rhala\\\\Code\\\\FLang\\\\src\\\\GMachine.hs:209:11-57: Non-exhaustive patterns in NGlobal arity\\n                                                            code\\n\"","H>>= "]
2021-05-23 14:08:59.926667700000 [$pid(ThreadId 5)] CRITICAL APP - invalid dap result from ghci. ["\"Supercombinator definintions\\nCode for 1\\n Code:{<<DAP>>Left \"C:\\\\Users\\\\rhala\\\\Code\\\\FLang\\\\src\\\\GMachine.hs:209:11-57: Non-exhaustive patterns in NGlobal arity\\n                                                            code\\n\"","H>>= "]
2021-05-23 15:43:54.003169400000 [$pid(ThreadId 5)] CRITICAL APP - invalid dap result from ghci. ["\"Supercombinator definintions\\nCode for 1\\n Code:{<<DAP>>Left \"C:\\\\Users\\\\rhala\\\\Code\\\\FLang\\\\src\\\\GMachine.hs:209:11-57: Non-exhaustive patterns in NGlobal arity\\n                                                            code\\n\"","H>>= "]
2021-05-23 15:56:34.240009300000 [$pid(ThreadId 5)] ERROR APP - user error (variable id:10 not found.)
2021-05-23 15:58:25.887842700000 [$pid(ThreadId 5)] ERROR APP - user error (variable id:10 not found.)
2021-05-23 16:01:42.779319200000 [$pid(ThreadId 5)] ERROR APP - user error (variable id:10 not found.)
2021-05-23 16:30:47.236785900000 [$pid(ThreadId 5)] ERROR APP - user error (variable id:10 not found.)
